======================================================================
fMRI whole-only remainder — b=2, sample=controls, n_files=139, M=1500, n_surr=100
======================================================================
  exact-tie fraction (first 10 subj): median 0.00e+00
  [  1/139] OHSU_0050157_rois_cc20 T= 78 z= -1.90  running mean z=-1.902 (Zgrp=-1.90)
  [  2/139] OHSU_0050158_rois_cc20 T= 78 z= +0.30  running mean z=-0.800 (Zgrp=-1.13)
  [  3/139] OHSU_0050159_rois_cc20 T= 78 z= +0.12  running mean z=-0.492 (Zgrp=-0.85)
  [ 10/139] OHSU_0050168_rois_cc20 T= 78 z= +0.29  running mean z=-0.021 (Zgrp=-0.07)
  [ 20/139] Olin_0050109_rois_cc20 T=206 z= +0.90  running mean z=+0.106 (Zgrp=+0.47)
  [ 30/139] Pitt_0050032_rois_cc20 T=196 z= -0.05  running mean z=+0.090 (Zgrp=+0.49)
  [ 40/139] Pitt_0050042_rois_cc20 T=196 z= -0.19  running mean z=+0.257 (Zgrp=+1.62)
  [ 50/139] Pitt_0050052_rois_cc20 T=196 z= +1.70  running mean z=+0.191 (Zgrp=+1.35)
  [ 60/139] SDSU_0050200_rois_cc20 T=176 z= -0.11  running mean z=+0.229 (Zgrp=+1.78)
  [ 70/139] SDSU_0050214_rois_cc20 T=176 z= +0.34  running mean z=+0.218 (Zgrp=+1.83)
  [ 80/139] Trinity_0050265_rois_c T=146 z= +0.35  running mean z=+0.223 (Zgrp=+1.99)
  [ 90/139] UM_1_0050331_rois_cc20 T=296 z= +1.11  running mean z=+0.223 (Zgrp=+2.12)
  [100/139] UM_1_0050341_rois_cc20 T=296 z= -1.77  running mean z=+0.227 (Zgrp=+2.27)
  [110/139] UM_1_0050351_rois_cc20 T=296 z= -0.62  running mean z=+0.280 (Zgrp=+2.94)
  [120/139] UM_1_0050361_rois_cc20 T=296 z= -0.79  running mean z=+0.268 (Zgrp=+2.94)
  [130/139] UM_1_0050372_rois_cc20 T=296 z= +1.15  running mean z=+0.268 (Zgrp=+3.05)

======================================================================
RESULT (b=2, controls, n=139)
======================================================================
  per-subject z: mean +0.245  median +0.176  [-1.90, +3.31]
  whole-only fraction phi: median 0.0250
  Z_group = mean_z * sqrt(n) = +2.89
  VERDICT: CLEAN NULL — adequacy extends to a 4th substrate
  wrote /home/emoore/CIRISOntology/scratchpad/fmri_result_b2_controls.json   (539s)

======================================================================
POSITIVE CONTROL — planted order-3 signal at a range of SNR f
======================================================================
Traceback (most recent call last):
  File "/home/emoore/CIRISOntology/scratchpad/fmri_whole_only.py", line 332, in <module>
    pc = positive_control([ts0], int(sys.argv[1]) if len(sys.argv) > 1 else B, rng)
         ^^^^^^^^^^^^^^^^^^^^^^^^^^^^^^^^^^^^^^^^^^^^^^^^^^^^^^^^^^^^^^^^^^^^^^^^^^
  File "/home/emoore/CIRISOntology/scratchpad/fmri_whole_only.py", line 196, in positive_control
    s = np.sign(g1 * g2) * np.abs(rng.standard_normal(g3.shape))
        ~~~~~~~~~~~~~~~~~^~~~~~~~~~~~~~~~~~~~~~~~~~~~~~~~~~~~~~~
ValueError: operands could not be broadcast together with shapes (78,67) (78,66) 
